<?xml version="1.0" encoding="UTF-8"?>
<coverage generated="1619035788">
  <project timestamp="1619035788">
    <file name="/Users/ernestwisniewski/Sites/kbin/src/ActivityPub/DiscoverActor.php">
      <class name="App\ActivityPub\DiscoverActor" namespace="global">
        <metrics complexity="0" methods="0" coveredmethods="0" conditionals="0" coveredconditionals="0" statements="0" coveredstatements="0" elements="0" coveredelements="0"/>
      </class>
      <metrics loc="8" ncloc="8" classes="0" methods="0" coveredmethods="0" conditionals="0" coveredconditionals="0" statements="0" coveredstatements="0" elements="0" coveredelements="0"/>
    </file>
    <file name="/Users/ernestwisniewski/Sites/kbin/src/ActivityPub/HttpSignature.php">
      <class name="App\ActivityPub\HttpSignature" namespace="global">
        <metrics complexity="0" methods="0" coveredmethods="0" conditionals="0" coveredconditionals="0" statements="0" coveredstatements="0" elements="0" coveredelements="0"/>
      </class>
      <metrics loc="8" ncloc="8" classes="0" methods="0" coveredmethods="0" conditionals="0" coveredconditionals="0" statements="0" coveredstatements="0" elements="0" coveredelements="0"/>
    </file>
    <file name="/Users/ernestwisniewski/Sites/kbin/src/ActivityPub/Inbox.php">
      <class name="App\ActivityPub\Inbox" namespace="global">
        <metrics complexity="0" methods="0" coveredmethods="0" conditionals="0" coveredconditionals="0" statements="0" coveredstatements="0" elements="0" coveredelements="0"/>
      </class>
      <metrics loc="8" ncloc="8" classes="0" methods="0" coveredmethods="0" conditionals="0" coveredconditionals="0" statements="0" coveredstatements="0" elements="0" coveredelements="0"/>
    </file>
    <file name="/Users/ernestwisniewski/Sites/kbin/src/ActivityPub/Outbox.php">
      <class name="App\ActivityPub\Outbox" namespace="global">
        <metrics complexity="0" methods="0" coveredmethods="0" conditionals="0" coveredconditionals="0" statements="0" coveredstatements="0" elements="0" coveredelements="0"/>
      </class>
      <metrics loc="8" ncloc="8" classes="0" methods="0" coveredmethods="0" conditionals="0" coveredconditionals="0" statements="0" coveredstatements="0" elements="0" coveredelements="0"/>
    </file>
    <file name="/Users/ernestwisniewski/Sites/kbin/src/ActivityPub/Server.php">
      <class name="App\ActivityPub\Server" namespace="global">
        <metrics complexity="0" methods="0" coveredmethods="0" conditionals="0" coveredconditionals="0" statements="0" coveredstatements="0" elements="0" coveredelements="0"/>
      </class>
      <metrics loc="7" ncloc="7" classes="0" methods="0" coveredmethods="0" conditionals="0" coveredconditionals="0" statements="0" coveredstatements="0" elements="0" coveredelements="0"/>
    </file>
    <file name="/Users/ernestwisniewski/Sites/kbin/src/ApiDataProvider/DtoPaginator.php">
      <class name="App\ApiDataProvider\DtoPaginator" namespace="global">
        <metrics complexity="11" methods="7" coveredmethods="0" conditionals="0" coveredconditionals="0" statements="17" coveredstatements="0" elements="24" coveredelements="0"/>
      </class>
      <line num="23" type="method" name="__construct" visibility="public" complexity="2" crap="6" count="0"/>
      <line num="25" type="stmt" count="0"/>
      <line num="26" type="stmt" count="0"/>
      <line num="27" type="stmt" count="0"/>
      <line num="28" type="stmt" count="0"/>
      <line num="30" type="stmt" count="0"/>
      <line num="31" type="stmt" count="0"/>
      <line num="32" type="stmt" count="0"/>
      <line num="38" type="method" name="getCurrentPage" visibility="public" complexity="2" crap="6" count="0"/>
      <line num="40" type="stmt" count="0"/>
      <line num="41" type="stmt" count="0"/>
      <line num="44" type="stmt" count="0"/>
      <line num="50" type="method" name="getLastPage" visibility="public" complexity="3" crap="12" count="0"/>
      <line num="52" type="stmt" count="0"/>
      <line num="53" type="stmt" count="0"/>
      <line num="56" type="stmt" count="0"/>
      <line num="62" type="method" name="getItemsPerPage" visibility="public" complexity="1" crap="2" count="0"/>
      <line num="64" type="stmt" count="0"/>
      <line num="70" type="method" name="getTotalItems" visibility="public" complexity="1" crap="2" count="0"/>
      <line num="72" type="stmt" count="0"/>
      <line num="78" type="method" name="count" visibility="public" complexity="1" crap="2" count="0"/>
      <line num="80" type="stmt" count="0"/>
      <line num="86" type="method" name="getIterator" visibility="public" complexity="1" crap="2" count="0"/>
      <line num="88" type="stmt" count="0"/>
      <metrics loc="90" ncloc="69" classes="1" methods="7" coveredmethods="0" conditionals="0" coveredconditionals="0" statements="17" coveredstatements="0" elements="24" coveredelements="0"/>
    </file>
    <file name="/Users/ernestwisniewski/Sites/kbin/src/ApiDataProvider/EntryCollectionDataProvider.php">
      <class name="App\ApiDataProvider\EntryCollectionDataProvider" namespace="global">
        <metrics complexity="4" methods="2" coveredmethods="0" conditionals="0" coveredconditionals="0" statements="8" coveredstatements="0" elements="10" coveredelements="0"/>
      </class>
      <line num="23" type="method" name="supports" visibility="public" complexity="1" crap="2" count="0"/>
      <line num="25" type="stmt" count="0"/>
      <line num="28" type="method" name="getCollection" visibility="public" complexity="2" crap="6" count="0"/>
      <line num="30" type="stmt" count="0"/>
      <line num="31" type="stmt" count="0"/>
      <line num="32" type="stmt" count="0"/>
      <line num="33" type="stmt" count="0"/>
      <line num="34" type="stmt" count="0"/>
      <line num="37" type="stmt" count="0"/>
      <line num="39" type="stmt" count="0"/>
      <metrics loc="42" ncloc="42" classes="1" methods="2" coveredmethods="0" conditionals="0" coveredconditionals="0" statements="8" coveredstatements="0" elements="10" coveredelements="0"/>
    </file>
    <file name="/Users/ernestwisniewski/Sites/kbin/src/ApiDataProvider/EntryItemDataProvider.php">
      <class name="App\ApiDataProvider\EntryItemDataProvider" namespace="global">
        <metrics complexity="4" methods="2" coveredmethods="0" conditionals="0" coveredconditionals="0" statements="5" coveredstatements="0" elements="7" coveredelements="0"/>
      </class>
      <line num="17" type="method" name="supports" visibility="public" complexity="1" crap="2" count="0"/>
      <line num="19" type="stmt" count="0"/>
      <line num="22" type="method" name="getItem" visibility="public" complexity="2" crap="6" count="0"/>
      <line num="24" type="stmt" count="0"/>
      <line num="26" type="stmt" count="0"/>
      <line num="27" type="stmt" count="0"/>
      <line num="30" type="stmt" count="0"/>
      <metrics loc="33" ncloc="33" classes="1" methods="2" coveredmethods="0" conditionals="0" coveredconditionals="0" statements="5" coveredstatements="0" elements="7" coveredelements="0"/>
    </file>
    <file name="/Users/ernestwisniewski/Sites/kbin/src/ApiDataProvider/MagazineCollectionDataProvider.php">
      <class name="App\ApiDataProvider\MagazineCollectionDataProvider" namespace="global">
        <metrics complexity="4" methods="2" coveredmethods="0" conditionals="0" coveredconditionals="0" statements="7" coveredstatements="0" elements="9" coveredelements="0"/>
      </class>
      <line num="22" type="method" name="supports" visibility="public" complexity="1" crap="2" count="0"/>
      <line num="24" type="stmt" count="0"/>
      <line num="27" type="method" name="getCollection" visibility="public" complexity="2" crap="6" count="0"/>
      <line num="29" type="stmt" count="0"/>
      <line num="30" type="stmt" count="0"/>
      <line num="32" type="stmt" count="0"/>
      <line num="33" type="stmt" count="0"/>
      <line num="36" type="stmt" count="0"/>
      <line num="38" type="stmt" count="0"/>
      <metrics loc="41" ncloc="41" classes="1" methods="2" coveredmethods="0" conditionals="0" coveredconditionals="0" statements="7" coveredstatements="0" elements="9" coveredelements="0"/>
    </file>
    <file name="/Users/ernestwisniewski/Sites/kbin/src/ApiDataProvider/MagazineItemDataProvider.php">
      <class name="App\ApiDataProvider\MagazineItemDataProvider" namespace="global">
        <metrics complexity="4" methods="2" coveredmethods="0" conditionals="0" coveredconditionals="0" statements="5" coveredstatements="0" elements="7" coveredelements="0"/>
      </class>
      <line num="17" type="method" name="supports" visibility="public" complexity="1" crap="2" count="0"/>
      <line num="19" type="stmt" count="0"/>
      <line num="22" type="method" name="getItem" visibility="public" complexity="2" crap="6" count="0"/>
      <line num="24" type="stmt" count="0"/>
      <line num="26" type="stmt" count="0"/>
      <line num="27" type="stmt" count="0"/>
      <line num="30" type="stmt" count="0"/>
      <metrics loc="33" ncloc="33" classes="1" methods="2" coveredmethods="0" conditionals="0" coveredconditionals="0" statements="5" coveredstatements="0" elements="7" coveredelements="0"/>
    </file>
    <file name="/Users/ernestwisniewski/Sites/kbin/src/ApiDataProvider/UserItemDataProvider.php">
      <class name="App\ApiDataProvider\UserItemDataProvider" namespace="global">
        <metrics complexity="4" methods="2" coveredmethods="0" conditionals="0" coveredconditionals="0" statements="5" coveredstatements="0" elements="7" coveredelements="0"/>
      </class>
      <line num="17" type="method" name="supports" visibility="public" complexity="1" crap="2" count="0"/>
      <line num="19" type="stmt" count="0"/>
      <line num="22" type="method" name="getItem" visibility="public" complexity="2" crap="6" count="0"/>
      <line num="24" type="stmt" count="0"/>
      <line num="26" type="stmt" count="0"/>
      <line num="27" type="stmt" count="0"/>
      <line num="30" type="stmt" count="0"/>
      <metrics loc="33" ncloc="33" classes="1" methods="2" coveredmethods="0" conditionals="0" coveredconditionals="0" statements="5" coveredstatements="0" elements="7" coveredelements="0"/>
    </file>
    <file name="/Users/ernestwisniewski/Sites/kbin/src/ArgumentValueResolver/ReportResolver.php">
      <class name="App\ArgumentValueResolver\ReportResolver" namespace="global">
        <metrics complexity="7" methods="3" coveredmethods="2" conditionals="0" coveredconditionals="0" statements="15" coveredstatements="14" elements="18" coveredelements="16"/>
      </class>
      <line num="23" type="method" name="__construct" visibility="public" complexity="1" crap="1" count="65"/>
      <line num="29" type="stmt" count="65"/>
      <line num="31" type="method" name="supports" visibility="public" complexity="5" crap="5" count="65"/>
      <line num="33" type="stmt" count="65"/>
      <line num="34" type="stmt" count="65"/>
      <line num="35" type="stmt" count="65"/>
      <line num="37" type="stmt" count="65"/>
      <line num="46" type="stmt" count="65"/>
      <line num="49" type="method" name="resolve" visibility="public" complexity="1" crap="1.00" count="4"/>
      <line num="51" type="stmt" count="4"/>
      <line num="53" type="stmt" count="4"/>
      <line num="54" type="stmt" count="1"/>
      <line num="55" type="stmt" count="1"/>
      <line num="56" type="stmt" count="1"/>
      <line num="57" type="stmt" count="1"/>
      <line num="58" type="stmt" count="0"/>
      <metrics loc="61" ncloc="61" classes="1" methods="3" coveredmethods="2" conditionals="0" coveredconditionals="0" statements="15" coveredstatements="14" elements="18" coveredelements="16"/>
    </file>
    <file name="/Users/ernestwisniewski/Sites/kbin/src/ArgumentValueResolver/VotableResolver.php">
      <class name="App\ArgumentValueResolver\VotableResolver" namespace="global">
        <metrics complexity="7" methods="3" coveredmethods="2" conditionals="0" coveredconditionals="0" statements="15" coveredstatements="14" elements="18" coveredelements="16"/>
      </class>
      <line num="23" type="method" name="__construct" visibility="public" complexity="1" crap="1" count="65"/>
      <line num="29" type="stmt" count="65"/>
      <line num="31" type="method" name="supports" visibility="public" complexity="5" crap="5" count="65"/>
      <line num="33" type="stmt" count="65"/>
      <line num="34" type="stmt" count="65"/>
      <line num="35" type="stmt" count="65"/>
      <line num="37" type="stmt" count="65"/>
      <line num="46" type="stmt" count="65"/>
      <line num="49" type="method" name="resolve" visibility="public" complexity="1" crap="1.00" count="4"/>
      <line num="51" type="stmt" count="4"/>
      <line num="53" type="stmt" count="4"/>
      <line num="54" type="stmt" count="1"/>
      <line num="55" type="stmt" count="1"/>
      <line num="56" type="stmt" count="1"/>
      <line num="57" type="stmt" count="1"/>
      <line num="58" type="stmt" count="0"/>
      <metrics loc="61" ncloc="61" classes="1" methods="3" coveredmethods="2" conditionals="0" coveredconditionals="0" statements="15" coveredstatements="14" elements="18" coveredelements="16"/>
    </file>
    <file name="/Users/ernestwisniewski/Sites/kbin/src/Command/AdminCommand.php">
      <class name="App\Command\AdminCommand" namespace="global">
        <metrics complexity="5" methods="3" coveredmethods="2" conditionals="0" coveredconditionals="0" statements="18" coveredstatements="16" elements="21" coveredelements="18"/>
      </class>
      <line num="19" type="method" name="__construct" visibility="public" complexity="1" crap="1" count="1"/>
      <line num="21" type="stmt" count="1"/>
      <line num="22" type="stmt" count="1"/>
      <line num="24" type="method" name="configure" visibility="protected" complexity="1" crap="1" count="1"/>
      <line num="27" type="stmt" count="1"/>
      <line num="28" type="stmt" count="1"/>
      <line num="29" type="stmt" count="1"/>
      <line num="30" type="stmt" count="1"/>
      <line num="32" type="method" name="execute" visibility="protected" complexity="3" crap="3.05" count="1"/>
      <line num="34" type="stmt" count="1"/>
      <line num="35" type="stmt" count="1"/>
      <line num="36" type="stmt" count="1"/>
      <line num="38" type="stmt" count="1"/>
      <line num="39" type="stmt" count="0"/>
      <line num="41" type="stmt" count="0"/>
      <line num="44" type="stmt" count="1"/>
      <line num="45" type="stmt" count="1"/>
      <line num="47" type="stmt" count="1"/>
      <line num="48" type="stmt" count="1"/>
      <line num="50" type="stmt" count="1"/>
      <metrics loc="52" ncloc="52" classes="1" methods="3" coveredmethods="2" conditionals="0" coveredconditionals="0" statements="18" coveredstatements="16" elements="21" coveredelements="18"/>
    </file>
    <file name="/Users/ernestwisniewski/Sites/kbin/src/Command/UserCommand.php">
      <class name="App\Command\UserCommand" namespace="global">
        <metrics complexity="7" methods="4" coveredmethods="3" conditionals="0" coveredconditionals="0" statements="32" coveredstatements="26" elements="36" coveredelements="29"/>
      </class>
      <line num="21" type="method" name="__construct" visibility="public" complexity="1" crap="1" count="1"/>
      <line num="26" type="stmt" count="1"/>
      <line num="27" type="stmt" count="1"/>
      <line num="29" type="method" name="configure" visibility="protected" complexity="1" crap="1" count="1"/>
      <line num="32" type="stmt" count="1"/>
      <line num="33" type="stmt" count="1"/>
      <line num="34" type="stmt" count="1"/>
      <line num="35" type="stmt" count="1"/>
      <line num="36" type="stmt" count="1"/>
      <line num="37" type="stmt" count="1"/>
      <line num="39" type="method" name="execute" visibility="protected" complexity="4" crap="5.57" count="1"/>
      <line num="41" type="stmt" count="1"/>
      <line num="42" type="stmt" count="1"/>
      <line num="43" type="stmt" count="1"/>
      <line num="45" type="stmt" count="1"/>
      <line num="46" type="stmt" count="0"/>
      <line num="48" type="stmt" count="0"/>
      <line num="51" type="stmt" count="1"/>
      <line num="53" type="stmt" count="0"/>
      <line num="54" type="stmt" count="0"/>
      <line num="56" type="stmt" count="0"/>
      <line num="58" type="stmt" count="0"/>
      <line num="61" type="stmt" count="1"/>
      <line num="63" type="stmt" count="1"/>
      <line num="66" type="method" name="createUser" visibility="private" complexity="1" crap="1" count="1"/>
      <line num="68" type="stmt" count="1"/>
      <line num="69" type="stmt" count="1"/>
      <line num="70" type="stmt" count="1"/>
      <line num="71" type="stmt" count="1"/>
      <line num="72" type="stmt" count="1"/>
      <line num="74" type="stmt" count="1"/>
      <line num="77" type="stmt" count="1"/>
      <line num="78" type="stmt" count="1"/>
      <line num="80" type="stmt" count="1"/>
      <line num="81" type="stmt" count="1"/>
      <metrics loc="82" ncloc="81" classes="1" methods="4" coveredmethods="3" conditionals="0" coveredconditionals="0" statements="32" coveredstatements="26" elements="36" coveredelements="29"/>
    </file>
    <file name="/Users/ernestwisniewski/Sites/kbin/src/Controller/AbstractController.php">
      <class name="App\Controller\AbstractController" namespace="global">
        <metrics complexity="13" methods="9" coveredmethods="3" conditionals="0" coveredconditionals="0" statements="28" coveredstatements="15" elements="37" coveredelements="18"/>
      </class>
      <line num="23" type="method" name="getUserOrThrow" visibility="protected" complexity="2" crap="2.06" count="35"/>
      <line num="25" type="stmt" count="35"/>
      <line num="27" type="stmt" count="35"/>
      <line num="28" type="stmt" count="0"/>
      <line num="31" type="stmt" count="35"/>
      <line num="34" type="method" name="validateCsrf" visibility="protected" complexity="3" crap="3.33" count="15"/>
      <line num="36" type="stmt" count="15"/>
      <line num="37" type="stmt" count="0"/>
      <line num="39" type="stmt" count="15"/>
      <line num="41" type="method" name="redirectToRefererOrHome" visibility="protected" complexity="2" crap="2.15" count="12"/>
      <line num="43" type="stmt" count="12"/>
      <line num="44" type="stmt" count="0"/>
      <line num="47" type="stmt" count="12"/>
      <line num="50" type="method" name="getJsonSuccessResponse" visibility="protected" complexity="1" crap="2" count="0"/>
      <line num="52" type="stmt" count="0"/>
      <line num="54" type="stmt" count="0"/>
      <line num="59" type="method" name="getJsonFormResponse" visibility="protected" complexity="1" crap="2" count="0"/>
      <line num="61" type="stmt" count="0"/>
      <line num="63" type="stmt" count="0"/>
      <line num="64" type="stmt" count="0"/>
      <line num="66" type="stmt" count="0"/>
      <line num="73" type="method" name="getPageNb" visibility="protected" complexity="1" crap="1" count="63"/>
      <line num="75" type="stmt" count="63"/>
      <line num="78" type="method" name="redirectToEntry" visibility="protected" complexity="1" crap="1" count="6"/>
      <line num="80" type="stmt" count="6"/>
      <line num="81" type="stmt" count="6"/>
      <line num="83" type="stmt" count="6"/>
      <line num="84" type="stmt" count="6"/>
      <line num="89" type="method" name="redirectToPost" visibility="protected" complexity="1" crap="2" count="0"/>
      <line num="91" type="stmt" count="0"/>
      <line num="92" type="stmt" count="0"/>
      <line num="94" type="stmt" count="0"/>
      <line num="95" type="stmt" count="0"/>
      <line num="100" type="method" name="redirectToMagazine" visibility="protected" complexity="1" crap="1" count="4"/>
      <line num="102" type="stmt" count="4"/>
      <line num="103" type="stmt" count="4"/>
      <line num="105" type="stmt" count="4"/>
      <metrics loc="109" ncloc="106" classes="1" methods="9" coveredmethods="3" conditionals="0" coveredconditionals="0" statements="28" coveredstatements="15" elements="37" coveredelements="18"/>
    </file>
    <file name="/Users/ernestwisniewski/Sites/kbin/src/Controller/Admin/DashboardController.php">
      <class name="App\Controller\Admin\DashboardController" namespace="global">
        <metrics complexity="3" methods="3" coveredmethods="0" conditionals="0" coveredconditionals="0" statements="5" coveredstatements="0" elements="8" coveredelements="0"/>
      </class>
      <line num="18" type="method" name="index" visibility="public" complexity="1" crap="2" count="0"/>
      <line num="20" type="stmt" count="0"/>
      <line num="23" type="method" name="configureDashboard" visibility="public" complexity="1" crap="2" count="0"/>
      <line num="25" type="stmt" count="0"/>
      <line num="29" type="method" name="configureMenuItems" visibility="public" complexity="1" crap="2" count="0"/>
      <line num="31" type="stmt" count="0"/>
      <line num="32" type="stmt" count="0"/>
      <line num="33" type="stmt" count="0"/>
      <metrics loc="35" ncloc="32" classes="1" methods="3" coveredmethods="0" conditionals="0" coveredconditionals="0" statements="5" coveredstatements="0" elements="8" coveredelements="0"/>
    </file>
    <file name="/Users/ernestwisniewski/Sites/kbin/src/Controller/Admin/SiteCrudController.php">
      <class name="App\Controller\Admin\SiteCrudController" namespace="global">
        <metrics complexity="2" methods="2" coveredmethods="1" conditionals="0" coveredconditionals="0" statements="2" coveredstatements="1" elements="4" coveredelements="2"/>
      </class>
      <line num="12" type="method" name="getEntityFqcn" visibility="public" complexity="1" crap="1" count="68"/>
      <line num="14" type="stmt" count="68"/>
      <line num="17" type="method" name="configureActions" visibility="public" complexity="1" crap="2" count="0"/>
      <line num="20" type="stmt" count="0"/>
      <metrics loc="22" ncloc="22" classes="1" methods="2" coveredmethods="1" conditionals="0" coveredconditionals="0" statements="2" coveredstatements="1" elements="4" coveredelements="2"/>
    </file>
    <file name="/Users/ernestwisniewski/Sites/kbin/src/Controller/Admin/UserCrudController.php">
      <class name="App\Controller\Admin\UserCrudController" namespace="global">
        <metrics complexity="3" methods="3" coveredmethods="1" conditionals="0" coveredconditionals="0" statements="6" coveredstatements="1" elements="9" coveredelements="2"/>
      </class>
      <line num="15" type="method" name="getEntityFqcn" visibility="public" complexity="1" crap="1" count="68"/>
      <line num="17" type="stmt" count="68"/>
      <line num="20" type="method" name="configureFields" visibility="public" complexity="1" crap="2" count="0"/>
      <line num="23" type="stmt" count="0"/>
      <line num="24" type="stmt" count="0"/>
      <line num="25" type="stmt" count="0"/>
      <line num="26" type="stmt" count="0"/>
      <line num="30" type="method" name="configureActions" visibility="public" complexity="1" crap="2" count="0"/>
      <line num="33" type="stmt" count="0"/>
      <metrics loc="35" ncloc="35" classes="1" methods="3" coveredmethods="1" conditionals="0" coveredconditionals="0" statements="6" coveredstatements="1" elements="9" coveredelements="2"/>
    </file>
    <file name="/Users/ernestwisniewski/Sites/kbin/src/Controller/AjaxController.php">
      <class name="App\Controller\AjaxController" namespace="global">
        <metrics complexity="3" methods="3" coveredmethods="0" conditionals="0" coveredconditionals="0" statements="7" coveredstatements="0" elements="10" coveredelements="0"/>
      </class>
      <line num="14" type="method" name="fetchTitle" visibility="public" complexity="1" crap="2" count="0"/>
      <line num="16" type="stmt" count="0"/>
      <line num="18" type="stmt" count="0"/>
      <line num="25" type="method" name="fetchEmbed" visibility="public" complexity="1" crap="2" count="0"/>
      <line num="27" type="stmt" count="0"/>
      <line num="34" type="method" name="fetchPostComments" visibility="public" complexity="1" crap="2" count="0"/>
      <line num="36" type="stmt" count="0"/>
      <line num="37" type="stmt" count="0"/>
      <line num="39" type="stmt" count="0"/>
      <line num="41" type="stmt" count="0"/>
      <metrics loc="47" ncloc="47" classes="1" methods="3" coveredmethods="0" conditionals="0" coveredconditionals="0" statements="7" coveredstatements="0" elements="10" coveredelements="0"/>
    </file>
    <file name="/Users/ernestwisniewski/Sites/kbin/src/Controller/Entry/EntryCommentController.php">
      <class name="App\Controller\Entry\EntryCommentController" namespace="global">
        <metrics complexity="25" methods="14" coveredmethods="6" conditionals="0" coveredconditionals="0" statements="107" coveredstatements="91" elements="121" coveredelements="97"/>
      </class>
      <line num="23" type="method" name="__construct" visibility="public" complexity="1" crap="1" count="18"/>
      <line num="27" type="stmt" count="18"/>
      <line num="29" type="method" name="front" visibility="public" complexity="2" crap="2" count="3"/>
      <line num="31" type="stmt" count="3"/>
      <line num="32" type="stmt" count="3"/>
      <line num="33" type="stmt" count="3"/>
      <line num="34" type="stmt" count="3"/>
      <line num="36" type="stmt" count="3"/>
      <line num="37" type="stmt" count="2"/>
      <line num="40" type="stmt" count="3"/>
      <line num="42" type="stmt" count="3"/>
      <line num="43" type="stmt" count="3"/>
      <line num="45" type="stmt" count="3"/>
      <line num="46" type="stmt" count="3"/>
      <line num="51" type="method" name="subscribed" visibility="public" complexity="1" crap="1" count="1"/>
      <line num="53" type="stmt" count="1"/>
      <line num="54" type="stmt" count="1"/>
      <line num="55" type="stmt" count="1"/>
      <line num="56" type="stmt" count="1"/>
      <line num="57" type="stmt" count="1"/>
      <line num="59" type="stmt" count="1"/>
      <line num="61" type="stmt" count="1"/>
      <line num="62" type="stmt" count="1"/>
      <line num="64" type="stmt" count="1"/>
      <line num="65" type="stmt" count="1"/>
      <line num="78" type="method" name="create" visibility="public" complexity="4" crap="4.02" count="2"/>
      <line num="84" type="stmt" count="2"/>
      <line num="86" type="stmt" count="2"/>
      <line num="87" type="stmt" count="2"/>
      <line num="89" type="stmt" count="2"/>
      <line num="90" type="stmt" count="2"/>
      <line num="93" type="stmt" count="1"/>
      <line num="94" type="stmt" count="0"/>
      <line num="97" type="stmt" count="1"/>
      <line num="98" type="stmt" count="1"/>
      <line num="100" type="stmt" count="1"/>
      <line num="103" type="method" name="getCreateForm" visibility="private" complexity="1" crap="1" count="2"/>
      <line num="105" type="stmt" count="2"/>
      <line num="107" type="stmt" count="2"/>
      <line num="108" type="stmt" count="2"/>
      <line num="111" type="stmt" count="2"/>
      <line num="112" type="stmt" count="2"/>
      <line num="114" type="stmt" count="2"/>
      <line num="115" type="stmt" count="2"/>
      <line num="116" type="stmt" count="2"/>
      <line num="123" type="method" name="handleValidCreateRequest" visibility="private" complexity="2" crap="2.01" count="2"/>
      <line num="125" type="stmt" count="2"/>
      <line num="127" type="stmt" count="2"/>
      <line num="128" type="stmt" count="0"/>
      <line num="131" type="stmt" count="2"/>
      <line num="132" type="stmt" count="2"/>
      <line num="134" type="stmt" count="2"/>
      <line num="135" type="stmt" count="2"/>
      <line num="140" type="method" name="getJsonCommentSuccessResponse" visibility="private" complexity="1" crap="2" count="0"/>
      <line num="142" type="stmt" count="0"/>
      <line num="144" type="stmt" count="0"/>
      <line num="145" type="stmt" count="0"/>
      <line num="146" type="stmt" count="0"/>
      <line num="148" type="stmt" count="0"/>
      <line num="150" type="stmt" count="0"/>
      <line num="151" type="stmt" count="0"/>
      <line num="159" type="method" name="getEntryCommentPageResponse" visibility="private" complexity="2" crap="2.00" count="4"/>
      <line num="167" type="stmt" count="4"/>
      <line num="168" type="stmt" count="0"/>
      <line num="171" type="stmt" count="4"/>
      <line num="172" type="stmt" count="4"/>
      <line num="173" type="stmt" count="4"/>
      <line num="175" type="stmt" count="4"/>
      <line num="176" type="stmt" count="4"/>
      <line num="178" type="stmt" count="4"/>
      <line num="179" type="stmt" count="4"/>
      <line num="180" type="stmt" count="4"/>
      <line num="181" type="stmt" count="4"/>
      <line num="182" type="stmt" count="4"/>
      <line num="183" type="stmt" count="4"/>
      <line num="196" type="method" name="edit" visibility="public" complexity="4" crap="4.02" count="3"/>
      <line num="202" type="stmt" count="3"/>
      <line num="204" type="stmt" count="3"/>
      <line num="205" type="stmt" count="3"/>
      <line num="207" type="stmt" count="3"/>
      <line num="208" type="stmt" count="1"/>
      <line num="211" type="stmt" count="3"/>
      <line num="212" type="stmt" count="0"/>
      <line num="215" type="stmt" count="3"/>
      <line num="216" type="stmt" count="3"/>
      <line num="218" type="stmt" count="3"/>
      <line num="221" type="method" name="getEditForm" visibility="private" complexity="1" crap="1" count="3"/>
      <line num="223" type="stmt" count="3"/>
      <line num="224" type="stmt" count="3"/>
      <line num="227" type="stmt" count="3"/>
      <line num="228" type="stmt" count="3"/>
      <line num="230" type="stmt" count="3"/>
      <line num="231" type="stmt" count="3"/>
      <line num="232" type="stmt" count="3"/>
      <line num="239" type="method" name="handleValidEditRequest" visibility="private" complexity="2" crap="2.01" count="1"/>
      <line num="241" type="stmt" count="1"/>
      <line num="243" type="stmt" count="1"/>
      <line num="244" type="stmt" count="0"/>
      <line num="247" type="stmt" count="1"/>
      <line num="248" type="stmt" count="1"/>
      <line num="250" type="stmt" count="1"/>
      <line num="251" type="stmt" count="1"/>
      <line num="264" type="method" name="delete" visibility="public" complexity="1" crap="1" count="2"/>
      <line num="266" type="stmt" count="2"/>
      <line num="268" type="stmt" count="2"/>
      <line num="270" type="stmt" count="2"/>
      <line num="281" type="method" name="purge" visibility="public" complexity="1" crap="2" count="0"/>
      <line num="283" type="stmt" count="0"/>
      <line num="285" type="stmt" count="0"/>
      <line num="287" type="stmt" count="0"/>
      <line num="290" type="method" name="commentForm" visibility="public" complexity="2" crap="2.01" count="15"/>
      <line num="292" type="stmt" count="15"/>
      <line num="293" type="stmt" count="15"/>
      <line num="294" type="stmt" count="15"/>
      <line num="297" type="stmt" count="15"/>
      <line num="298" type="stmt" count="0"/>
      <line num="301" type="stmt" count="15"/>
      <line num="303" type="stmt" count="15"/>
      <line num="304" type="stmt" count="15"/>
      <line num="306" type="stmt" count="15"/>
      <metrics loc="310" ncloc="278" classes="1" methods="14" coveredmethods="6" conditionals="0" coveredconditionals="0" statements="107" coveredstatements="91" elements="121" coveredelements="97"/>
    </file>
    <file name="/Users/ernestwisniewski/Sites/kbin/src/Controller/Entry/EntryController.php">
      <class name="App\Controller\Entry\EntryController" namespace="global">
        <metrics complexity="17" methods="8" coveredmethods="7" conditionals="0" coveredconditionals="0" statements="49" coveredstatements="46" elements="57" coveredelements="53"/>
      </class>
      <line num="24" type="method" name="__construct" visibility="public" complexity="1" crap="1" count="18"/>
      <line num="27" type="stmt" count="18"/>
      <line num="33" type="method" name="single" visibility="public" complexity="1" crap="1" count="15"/>
      <line num="41" type="stmt" count="15"/>
      <line num="42" type="stmt" count="15"/>
      <line num="43" type="stmt" count="15"/>
      <line num="45" type="stmt" count="15"/>
      <line num="47" type="stmt" count="15"/>
      <line num="48" type="stmt" count="15"/>
      <line num="50" type="stmt" count="15"/>
      <line num="52" type="stmt" count="15"/>
      <line num="53" type="stmt" count="15"/>
      <line num="55" type="stmt" count="15"/>
      <line num="56" type="stmt" count="15"/>
      <line num="57" type="stmt" count="15"/>
      <line num="65" type="method" name="create" visibility="public" complexity="3" crap="3" count="2"/>
      <line num="67" type="stmt" count="2"/>
      <line num="68" type="stmt" count="2"/>
      <line num="70" type="stmt" count="2"/>
      <line num="71" type="stmt" count="2"/>
      <line num="73" type="stmt" count="2"/>
      <line num="74" type="stmt" count="2"/>
      <line num="76" type="stmt" count="2"/>
      <line num="79" type="stmt" count="2"/>
      <line num="80" type="stmt" count="2"/>
      <line num="82" type="stmt" count="2"/>
      <line num="83" type="stmt" count="2"/>
      <line num="88" type="method" name="createFormByType" visibility="private" complexity="3" crap="3" count="6"/>
      <line num="90" type="stmt" count="6"/>
      <line num="91" type="stmt" count="3"/>
      <line num="94" type="stmt" count="3"/>
      <line num="97" type="method" name="getTemplateName" visibility="private" complexity="4" crap="4" count="6"/>
      <line num="99" type="stmt" count="6"/>
      <line num="101" type="stmt" count="6"/>
      <line num="102" type="stmt" count="3"/>
      <line num="105" type="stmt" count="3"/>
      <line num="115" type="method" name="edit" visibility="public" complexity="3" crap="3" count="4"/>
      <line num="117" type="stmt" count="4"/>
      <line num="119" type="stmt" count="4"/>
      <line num="120" type="stmt" count="4"/>
      <line num="122" type="stmt" count="4"/>
      <line num="123" type="stmt" count="2"/>
      <line num="125" type="stmt" count="2"/>
      <line num="128" type="stmt" count="4"/>
      <line num="129" type="stmt" count="4"/>
      <line num="131" type="stmt" count="4"/>
      <line num="132" type="stmt" count="4"/>
      <line num="133" type="stmt" count="4"/>
      <line num="145" type="method" name="delete" visibility="public" complexity="1" crap="1" count="1"/>
      <line num="147" type="stmt" count="1"/>
      <line num="149" type="stmt" count="1"/>
      <line num="151" type="stmt" count="1"/>
      <line num="161" type="method" name="purge" visibility="public" complexity="1" crap="2" count="0"/>
      <line num="163" type="stmt" count="0"/>
      <line num="165" type="stmt" count="0"/>
      <line num="167" type="stmt" count="0"/>
      <metrics loc="169" ncloc="141" classes="1" methods="8" coveredmethods="7" conditionals="0" coveredconditionals="0" statements="49" coveredstatements="46" elements="57" coveredelements="53"/>
    </file>
    <file name="/Users/ernestwisniewski/Sites/kbin/src/Controller/Entry/EntryPinController.php">
      <class name="App\Controller\Entry\EntryPinController" namespace="global">
        <metrics complexity="2" methods="2" coveredmethods="2" conditionals="0" coveredconditionals="0" statements="5" coveredstatements="5" elements="7" coveredelements="7"/>
      </class>
      <line num="16" type="method" name="__construct" visibility="public" complexity="1" crap="1" count="1"/>
      <line num="19" type="stmt" count="1"/>
      <line num="28" type="method" name="__invoke" visibility="public" complexity="1" crap="1" count="1"/>
      <line num="30" type="stmt" count="1"/>
      <line num="32" type="stmt" count="1"/>
      <line num="34" type="stmt" count="1"/>
      <metrics loc="36" ncloc="29" classes="1" methods="2" coveredmethods="2" conditionals="0" coveredconditionals="0" statements="5" coveredstatements="5" elements="7" coveredelements="7"/>
    </file>
    <file name="/Users/ernestwisniewski/Sites/kbin/src/Controller/FrontController.php">
      <class name="App\Controller\FrontController" namespace="global">
        <metrics complexity="9" methods="9" coveredmethods="9" conditionals="0" coveredconditionals="0" statements="38" coveredstatements="38" elements="47" coveredelements="47"/>
      </class>
      <line num="16" type="method" name="__construct" visibility="public" complexity="1" crap="1" count="41"/>
      <line num="18" type="stmt" count="41"/>
      <line num="20" type="method" name="front" visibility="public" complexity="1" crap="1" count="27"/>
      <line num="22" type="stmt" count="27"/>
      <line num="23" type="stmt" count="27"/>
      <line num="24" type="stmt" count="27"/>
      <line num="25" type="stmt" count="27"/>
      <line num="27" type="stmt" count="27"/>
      <line num="28" type="stmt" count="27"/>
      <line num="30" type="stmt" count="27"/>
      <line num="31" type="stmt" count="27"/>
      <line num="33" type="stmt" count="27"/>
      <line num="41" type="method" name="subscribed" visibility="public" complexity="1" crap="1" count="12"/>
      <line num="43" type="stmt" count="12"/>
      <line num="44" type="stmt" count="12"/>
      <line num="45" type="stmt" count="12"/>
      <line num="46" type="stmt" count="12"/>
      <line num="47" type="stmt" count="12"/>
      <line num="49" type="stmt" count="12"/>
      <line num="50" type="stmt" count="12"/>
      <line num="52" type="stmt" count="12"/>
      <line num="53" type="stmt" count="12"/>
      <line num="55" type="stmt" count="12"/>
      <line num="60" type="method" name="magazine" visibility="public" complexity="1" crap="1" count="21"/>
      <line num="62" type="stmt" count="21"/>
      <line num="63" type="stmt" count="21"/>
      <line num="64" type="stmt" count="21"/>
      <line num="65" type="stmt" count="21"/>
      <line num="66" type="stmt" count="21"/>
      <line num="67" type="stmt" count="21"/>
      <line num="69" type="stmt" count="21"/>
      <line num="70" type="stmt" count="21"/>
      <line num="72" type="stmt" count="21"/>
      <line num="73" type="stmt" count="21"/>
      <line num="75" type="stmt" count="21"/>
      <line num="76" type="stmt" count="21"/>
      <line num="81" type="method" name="hot" visibility="private" complexity="1" crap="1" count="1"/>
      <line num="83" type="stmt" count="1"/>
      <line num="86" type="method" name="top" visibility="private" complexity="1" crap="1" count="1"/>
      <line num="88" type="stmt" count="1"/>
      <line num="91" type="method" name="active" visibility="private" complexity="1" crap="1" count="37"/>
      <line num="93" type="stmt" count="37"/>
      <line num="96" type="method" name="new" visibility="private" complexity="1" crap="1" count="6"/>
      <line num="98" type="stmt" count="6"/>
      <line num="101" type="method" name="commented" visibility="private" complexity="1" crap="1" count="1"/>
      <line num="103" type="stmt" count="1"/>
      <metrics loc="105" ncloc="102" classes="1" methods="9" coveredmethods="9" conditionals="0" coveredconditionals="0" statements="38" coveredstatements="38" elements="47" coveredelements="47"/>
    </file>
    <file name="/Users/ernestwisniewski/Sites/kbin/src/Controller/Magazine/MagazineBlockController.php">
      <class name="App\Controller\Magazine\MagazineBlockController" namespace="global">
        <metrics complexity="5" methods="3" coveredmethods="1" conditionals="0" coveredconditionals="0" statements="14" coveredstatements="6" elements="17" coveredelements="7"/>
      </class>
      <line num="15" type="method" name="__construct" visibility="public" complexity="1" crap="1" count="1"/>
      <line num="18" type="stmt" count="1"/>
      <line num="24" type="method" name="block" visibility="public" complexity="2" crap="2.15" count="1"/>
      <line num="26" type="stmt" count="1"/>
      <line num="28" type="stmt" count="1"/>
      <line num="30" type="stmt" count="1"/>
      <line num="31" type="stmt" count="0"/>
      <line num="33" type="stmt" count="0"/>
      <line num="38" type="stmt" count="1"/>
      <line num="45" type="method" name="unblock" visibility="public" complexity="2" crap="6" count="0"/>
      <line num="47" type="stmt" count="0"/>
      <line num="49" type="stmt" count="0"/>
      <line num="51" type="stmt" count="0"/>
      <line num="52" type="stmt" count="0"/>
      <line num="54" type="stmt" count="0"/>
      <line num="59" type="stmt" count="0"/>
      <metrics loc="61" ncloc="53" classes="1" methods="3" coveredmethods="1" conditionals="0" coveredconditionals="0" statements="14" coveredstatements="6" elements="17" coveredelements="7"/>
    </file>
    <file name="/Users/ernestwisniewski/Sites/kbin/src/Controller/Magazine/MagazineController.php">
      <class name="App\Controller\Magazine\MagazineController" namespace="global">
        <metrics complexity="10" methods="6" coveredmethods="3" conditionals="0" coveredconditionals="0" statements="27" coveredstatements="20" elements="33" coveredelements="23"/>
      </class>
      <line num="17" type="method" name="__construct" visibility="public" complexity="1" crap="1" count="64"/>
      <line num="20" type="stmt" count="64"/>
      <line num="25" type="method" name="create" visibility="public" complexity="3" crap="3" count="1"/>
      <line num="27" type="stmt" count="1"/>
      <line num="29" type="stmt" count="1"/>
      <line num="30" type="stmt" count="1"/>
      <line num="32" type="stmt" count="1"/>
      <line num="33" type="stmt" count="1"/>
      <line num="35" type="stmt" count="1"/>
      <line num="38" type="stmt" count="1"/>
      <line num="39" type="stmt" count="1"/>
      <line num="41" type="stmt" count="1"/>
      <line num="50" type="method" name="delete" visibility="public" complexity="1" crap="2" count="0"/>
      <line num="52" type="stmt" count="0"/>
      <line num="54" type="stmt" count="0"/>
      <line num="56" type="stmt" count="0"/>
      <line num="63" type="method" name="purge" visibility="public" complexity="1" crap="2" count="0"/>
      <line num="65" type="stmt" count="0"/>
      <line num="67" type="stmt" count="0"/>
      <line num="69" type="stmt" count="0"/>
      <line num="72" type="method" name="listAll" visibility="public" complexity="1" crap="1" count="6"/>
      <line num="74" type="stmt" count="6"/>
      <line num="75" type="stmt" count="6"/>
      <line num="77" type="stmt" count="6"/>
      <line num="82" type="method" name="featuredList" visibility="public" complexity="3" crap="3.03" count="64"/>
      <line num="84" type="stmt" count="64"/>
      <line num="86" type="stmt" count="64"/>
      <line num="87" type="stmt" count="0"/>
      <line num="90" type="stmt" count="64"/>
      <line num="91" type="stmt" count="64"/>
      <line num="93" type="stmt" count="64"/>
      <line num="94" type="stmt" count="64"/>
      <metrics loc="98" ncloc="87" classes="1" methods="6" coveredmethods="3" conditionals="0" coveredconditionals="0" statements="27" coveredstatements="20" elements="33" coveredelements="23"/>
    </file>
    <file name="/Users/ernestwisniewski/Sites/kbin/src/Controller/Magazine/MagazineLogController.php">
      <class name="App\Controller\Magazine\MagazineLogController" namespace="global">
        <metrics complexity="1" methods="1" coveredmethods="0" conditionals="0" coveredconditionals="0" statements="1" coveredstatements="0" elements="2" coveredelements="0"/>
      </class>
      <line num="13" type="method" name="__invoke" visibility="public" complexity="1" crap="2" count="0"/>
      <line num="15" type="stmt" count="0"/>
      <metrics loc="23" ncloc="23" classes="1" methods="1" coveredmethods="0" conditionals="0" coveredconditionals="0" statements="1" coveredstatements="0" elements="2" coveredelements="0"/>
    </file>
    <file name="/Users/ernestwisniewski/Sites/kbin/src/Controller/Magazine/MagazineModController.php">
      <class name="App\Controller\Magazine\MagazineModController" namespace="global">
        <metrics complexity="1" methods="1" coveredmethods="0" conditionals="0" coveredconditionals="0" statements="1" coveredstatements="0" elements="2" coveredelements="0"/>
      </class>
      <line num="13" type="method" name="__invoke" visibility="public" complexity="1" crap="2" count="0"/>
      <line num="15" type="stmt" count="0"/>
      <metrics loc="23" ncloc="23" classes="1" methods="1" coveredmethods="0" conditionals="0" coveredconditionals="0" statements="1" coveredstatements="0" elements="2" coveredelements="0"/>
    </file>
    <file name="/Users/ernestwisniewski/Sites/kbin/src/Controller/Magazine/MagazinePanelBadgeController.php">
      <class name="App\Controller\Magazine\MagazinePanelBadgeController" namespace="global">
        <metrics complexity="5" methods="2" coveredmethods="0" conditionals="0" coveredconditionals="0" statements="12" coveredstatements="0" elements="14" coveredelements="0"/>
      </class>
      <line num="28" type="method" name="badges" visibility="public" complexity="3" crap="12" count="0"/>
      <line num="30" type="stmt" count="0"/>
      <line num="32" type="stmt" count="0"/>
      <line num="34" type="stmt" count="0"/>
      <line num="35" type="stmt" count="0"/>
      <line num="37" type="stmt" count="0"/>
      <line num="38" type="stmt" count="0"/>
      <line num="39" type="stmt" count="0"/>
      <line num="41" type="stmt" count="0"/>
      <line num="44" type="stmt" count="0"/>
      <line num="61" type="method" name="removeBadge" visibility="public" complexity="1" crap="2" count="0"/>
      <line num="63" type="stmt" count="0"/>
      <line num="65" type="stmt" count="0"/>
      <line num="67" type="stmt" count="0"/>
      <metrics loc="69" ncloc="58" classes="1" methods="2" coveredmethods="0" conditionals="0" coveredconditionals="0" statements="12" coveredstatements="0" elements="14" coveredelements="0"/>
    </file>
    <file name="/Users/ernestwisniewski/Sites/kbin/src/Controller/Magazine/MagazinePanelBanController.php">
      <class name="App\Controller\Magazine\MagazinePanelBanController" namespace="global">
        <metrics complexity="8" methods="4" coveredmethods="2" conditionals="0" coveredconditionals="0" statements="28" coveredstatements="18" elements="32" coveredelements="20"/>
      </class>
      <line num="20" type="method" name="__construct" visibility="public" complexity="1" crap="1" count="1"/>
      <line num="24" type="stmt" count="1"/>
      <line num="30" type="method" name="bans" visibility="public" complexity="3" crap="4.41" count="1"/>
      <line num="32" type="stmt" count="1"/>
      <line num="33" type="stmt" count="0"/>
      <line num="35" type="stmt" count="0"/>
      <line num="36" type="stmt" count="0"/>
      <line num="39" type="stmt" count="0"/>
      <line num="40" type="stmt" count="0"/>
      <line num="42" type="stmt" count="0"/>
      <line num="43" type="stmt" count="0"/>
      <line num="48" type="stmt" count="1"/>
      <line num="50" type="stmt" count="1"/>
      <line num="51" type="stmt" count="1"/>
      <line num="53" type="stmt" count="1"/>
      <line num="54" type="stmt" count="1"/>
      <line num="66" type="method" name="ban" visibility="public" complexity="3" crap="3" count="1"/>
      <line num="68" type="stmt" count="1"/>
      <line num="69" type="stmt" count="1"/>
      <line num="71" type="stmt" count="1"/>
      <line num="72" type="stmt" count="1"/>
      <line num="74" type="stmt" count="1"/>
      <line num="77" type="stmt" count="1"/>
      <line num="78" type="stmt" count="1"/>
      <line num="80" type="stmt" count="1"/>
      <line num="81" type="stmt" count="1"/>
      <line num="82" type="stmt" count="1"/>
      <line num="94" type="method" name="unban" visibility="public" complexity="1" crap="2" count="0"/>
      <line num="96" type="stmt" count="0"/>
      <line num="98" type="stmt" count="0"/>
      <line num="100" type="stmt" count="0"/>
      <metrics loc="102" ncloc="84" classes="1" methods="4" coveredmethods="2" conditionals="0" coveredconditionals="0" statements="28" coveredstatements="18" elements="32" coveredelements="20"/>
    </file>
    <file name="/Users/ernestwisniewski/Sites/kbin/src/Controller/Magazine/MagazinePanelController.php">
      <class name="App\Controller\Magazine\MagazinePanelController" namespace="global">
        <metrics complexity="9" methods="5" coveredmethods="2" conditionals="0" coveredconditionals="0" statements="39" coveredstatements="12" elements="44" coveredelements="14"/>
      </class>
      <line num="19" type="method" name="__construct" visibility="public" complexity="1" crap="1" count="3"/>
      <line num="22" type="stmt" count="3"/>
      <line num="28" type="method" name="front" visibility="public" complexity="1" crap="2" count="0"/>
      <line num="30" type="stmt" count="0"/>
      <line num="32" type="stmt" count="0"/>
      <line num="35" type="method" name="getChartsResponse" visibility="private" complexity="1" crap="2" count="0"/>
      <line num="37" type="stmt" count="0"/>
      <line num="39" type="stmt" count="0"/>
      <line num="40" type="stmt" count="0"/>
      <line num="42" type="stmt" count="0"/>
      <line num="62" type="stmt" count="0"/>
      <line num="66" type="stmt" count="0"/>
      <line num="72" type="stmt" count="0"/>
      <line num="73" type="stmt" count="0"/>
      <line num="75" type="stmt" count="0"/>
      <line num="90" type="stmt" count="0"/>
      <line num="94" type="stmt" count="0"/>
      <line num="100" type="stmt" count="0"/>
      <line num="101" type="stmt" count="0"/>
      <line num="103" type="stmt" count="0"/>
      <line num="104" type="stmt" count="0"/>
      <line num="105" type="stmt" count="0"/>
      <line num="114" type="method" name="edit" visibility="public" complexity="3" crap="3" count="2"/>
      <line num="116" type="stmt" count="2"/>
      <line num="118" type="stmt" count="2"/>
      <line num="119" type="stmt" count="2"/>
      <line num="121" type="stmt" count="2"/>
      <line num="122" type="stmt" count="2"/>
      <line num="124" type="stmt" count="2"/>
      <line num="127" type="stmt" count="2"/>
      <line num="128" type="stmt" count="2"/>
      <line num="130" type="stmt" count="2"/>
      <line num="131" type="stmt" count="2"/>
      <line num="140" type="method" name="theme" visibility="public" complexity="3" crap="12" count="0"/>
      <line num="142" type="stmt" count="0"/>
      <line num="144" type="stmt" count="0"/>
      <line num="145" type="stmt" count="0"/>
      <line num="147" type="stmt" count="0"/>
      <line num="148" type="stmt" count="0"/>
      <line num="151" type="stmt" count="0"/>
      <line num="152" type="stmt" count="0"/>
      <line num="154" type="stmt" count="0"/>
      <line num="155" type="stmt" count="0"/>
      <metrics loc="159" ncloc="147" classes="1" methods="5" coveredmethods="2" conditionals="0" coveredconditionals="0" statements="39" coveredstatements="12" elements="44" coveredelements="14"/>
    </file>
    <file name="/Users/ernestwisniewski/Sites/kbin/src/Controller/Magazine/MagazinePanelModController.php">
      <class name="App\Controller\Magazine\MagazinePanelModController" namespace="global">
        <metrics complexity="5" methods="3" coveredmethods="2" conditionals="0" coveredconditionals="0" statements="16" coveredstatements="13" elements="19" coveredelements="15"/>
      </class>
      <line num="19" type="method" name="__construct" visibility="public" complexity="1" crap="1" count="1"/>
      <line num="23" type="stmt" count="1"/>
      <line num="29" type="method" name="moderators" visibility="public" complexity="3" crap="3" count="1"/>
      <line num="31" type="stmt" count="1"/>
      <line num="33" type="stmt" count="1"/>
      <line num="34" type="stmt" count="1"/>
      <line num="36" type="stmt" count="1"/>
      <line num="37" type="stmt" count="1"/>
      <line num="40" type="stmt" count="1"/>
      <line num="42" type="stmt" count="1"/>
      <line num="43" type="stmt" count="1"/>
      <line num="45" type="stmt" count="1"/>
      <line num="46" type="stmt" count="1"/>
      <line num="47" type="stmt" count="1"/>
      <line num="59" type="method" name="deleteModerator" visibility="public" complexity="1" crap="2" count="0"/>
      <line num="61" type="stmt" count="0"/>
      <line num="63" type="stmt" count="0"/>
      <line num="65" type="stmt" count="0"/>
      <metrics loc="68" ncloc="57" classes="1" methods="3" coveredmethods="2" conditionals="0" coveredconditionals="0" statements="16" coveredstatements="13" elements="19" coveredelements="15"/>
    </file>
    <file name="/Users/ernestwisniewski/Sites/kbin/src/Controller/Magazine/MagazinePanelReportController.php">
      <class name="App\Controller\Magazine\MagazinePanelReportController" namespace="global">
        <metrics complexity="4" methods="4" coveredmethods="2" conditionals="0" coveredconditionals="0" statements="14" coveredstatements="7" elements="18" coveredelements="9"/>
      </class>
      <line num="18" type="method" name="__construct" visibility="public" complexity="1" crap="1" count="4"/>
      <line num="21" type="stmt" count="4"/>
      <line num="27" type="method" name="reports" visibility="public" complexity="1" crap="1" count="4"/>
      <line num="29" type="stmt" count="4"/>
      <line num="31" type="stmt" count="4"/>
      <line num="32" type="stmt" count="4"/>
      <line num="34" type="stmt" count="4"/>
      <line num="35" type="stmt" count="4"/>
      <line num="47" type="method" name="reportApprove" visibility="public" complexity="1" crap="2" count="0"/>
      <line num="49" type="stmt" count="0"/>
      <line num="51" type="stmt" count="0"/>
      <line num="53" type="stmt" count="0"/>
      <line num="55" type="stmt" count="0"/>
      <line num="65" type="method" name="reportReject" visibility="public" complexity="1" crap="2" count="0"/>
      <line num="67" type="stmt" count="0"/>
      <line num="69" type="stmt" count="0"/>
      <line num="71" type="stmt" count="0"/>
      <metrics loc="73" ncloc="55" classes="1" methods="4" coveredmethods="2" conditionals="0" coveredconditionals="0" statements="14" coveredstatements="7" elements="18" coveredelements="9"/>
    </file>
    <file name="/Users/ernestwisniewski/Sites/kbin/src/Controller/Magazine/MagazineSubController.php">
      <class name="App\Controller\Magazine\MagazineSubController" namespace="global">
        <metrics complexity="5" methods="3" coveredmethods="1" conditionals="0" coveredconditionals="0" statements="14" coveredstatements="10" elements="17" coveredelements="11"/>
      </class>
      <line num="15" type="method" name="__construct" visibility="public" complexity="1" crap="1" count="1"/>
      <line num="18" type="stmt" count="1"/>
      <line num="24" type="method" name="subscribe" visibility="public" complexity="2" crap="2.15" count="1"/>
      <line num="26" type="stmt" count="1"/>
      <line num="28" type="stmt" count="1"/>
      <line num="30" type="stmt" count="1"/>
      <line num="31" type="stmt" count="0"/>
      <line num="33" type="stmt" count="0"/>
      <line num="39" type="stmt" count="1"/>
      <line num="46" type="method" name="unsubscribe" visibility="public" complexity="2" crap="2.15" count="1"/>
      <line num="48" type="stmt" count="1"/>
      <line num="50" type="stmt" count="1"/>
      <line num="52" type="stmt" count="1"/>
      <line num="53" type="stmt" count="0"/>
      <line num="55" type="stmt" count="0"/>
      <line num="61" type="stmt" count="1"/>
      <metrics loc="63" ncloc="55" classes="1" methods="3" coveredmethods="1" conditionals="0" coveredconditionals="0" statements="14" coveredstatements="10" elements="17" coveredelements="11"/>
    </file>
    <file name="/Users/ernestwisniewski/Sites/kbin/src/Controller/MessageController.php">
      <class name="App\Controller\MessageController" namespace="global">
        <metrics complexity="8" methods="4" coveredmethods="4" conditionals="0" coveredconditionals="0" statements="31" coveredstatements="31" elements="35" coveredelements="35"/>
      </class>
      <line num="17" type="method" name="__construct" visibility="public" complexity="1" crap="1" count="1"/>
      <line num="20" type="stmt" count="1"/>
      <line num="25" type="method" name="threads" visibility="public" complexity="1" crap="1" count="1"/>
      <line num="27" type="stmt" count="1"/>
      <line num="29" type="stmt" count="1"/>
      <line num="30" type="stmt" count="1"/>
      <line num="32" type="stmt" count="1"/>
      <line num="41" type="method" name="thread" visibility="public" complexity="3" crap="3" count="1"/>
      <line num="43" type="stmt" count="1"/>
      <line num="45" type="stmt" count="1"/>
      <line num="46" type="stmt" count="1"/>
      <line num="48" type="stmt" count="1"/>
      <line num="49" type="stmt" count="1"/>
      <line num="51" type="stmt" count="1"/>
      <line num="52" type="stmt" count="1"/>
      <line num="53" type="stmt" count="1"/>
      <line num="57" type="stmt" count="1"/>
      <line num="59" type="stmt" count="1"/>
      <line num="60" type="stmt" count="1"/>
      <line num="62" type="stmt" count="1"/>
      <line num="63" type="stmt" count="1"/>
      <line num="64" type="stmt" count="1"/>
      <line num="73" type="method" name="createThread" visibility="public" complexity="3" crap="3" count="1"/>
      <line num="75" type="stmt" count="1"/>
      <line num="77" type="stmt" count="1"/>
      <line num="78" type="stmt" count="1"/>
      <line num="80" type="stmt" count="1"/>
      <line num="81" type="stmt" count="1"/>
      <line num="83" type="stmt" count="1"/>
      <line num="84" type="stmt" count="1"/>
      <line num="88" type="stmt" count="1"/>
      <line num="89" type="stmt" count="1"/>
      <line num="91" type="stmt" count="1"/>
      <line num="92" type="stmt" count="1"/>
      <metrics loc="96" ncloc="85" classes="1" methods="4" coveredmethods="4" conditionals="0" coveredconditionals="0" statements="31" coveredstatements="31" elements="35" coveredelements="35"/>
    </file>
    <file name="/Users/ernestwisniewski/Sites/kbin/src/Controller/ModlogController.php">
      <class name="App\Controller\ModlogController" namespace="global">
        <metrics complexity="1" methods="1" coveredmethods="1" conditionals="0" coveredconditionals="0" statements="3" coveredstatements="3" elements="4" coveredelements="4"/>
      </class>
      <line num="11" type="method" name="__invoke" visibility="public" complexity="1" crap="1" count="1"/>
      <line num="13" type="stmt" count="1"/>
      <line num="14" type="stmt" count="1"/>
      <line num="16" type="stmt" count="1"/>
      <metrics loc="20" ncloc="20" classes="1" methods="1" coveredmethods="1" conditionals="0" coveredconditionals="0" statements="3" coveredstatements="3" elements="4" coveredelements="4"/>
    </file>
    <file name="/Users/ernestwisniewski/Sites/kbin/src/Controller/Post/PostCommentController.php">
      <class name="App\Controller\Post\PostCommentController" namespace="global">
        <metrics complexity="20" methods="12" coveredmethods="3" conditionals="0" coveredconditionals="0" statements="90" coveredstatements="27" elements="102" coveredelements="30"/>
      </class>
      <line num="23" type="method" name="__construct" visibility="public" complexity="1" crap="1" count="9"/>
      <line num="25" type="stmt" count="9"/>
      <line num="35" type="method" name="create" visibility="public" complexity="4" crap="9.63" count="1"/>
      <line num="41" type="stmt" count="1"/>
      <line num="43" type="stmt" count="1"/>
      <line num="44" type="stmt" count="1"/>
      <line num="46" type="stmt" count="1"/>
      <line num="47" type="stmt" count="1"/>
      <line num="50" type="stmt" count="0"/>
      <line num="51" type="stmt" count="0"/>
      <line num="53" type="stmt" count="0"/>
      <line num="55" type="stmt" count="0"/>
      <line num="56" type="stmt" count="0"/>
      <line num="59" type="stmt" count="0"/>
      <line num="60" type="stmt" count="0"/>
      <line num="62" type="stmt" count="0"/>
      <line num="63" type="stmt" count="0"/>
      <line num="64" type="stmt" count="0"/>
      <line num="65" type="stmt" count="0"/>
      <line num="66" type="stmt" count="0"/>
      <line num="71" type="method" name="getCreateForm" visibility="private" complexity="1" crap="1" count="1"/>
      <line num="73" type="stmt" count="1"/>
      <line num="74" type="stmt" count="1"/>
      <line num="77" type="stmt" count="1"/>
      <line num="78" type="stmt" count="1"/>
      <line num="80" type="stmt" count="1"/>
      <line num="81" type="stmt" count="1"/>
      <line num="82" type="stmt" count="1"/>
      <line num="89" type="method" name="handleValidCreateRequest" visibility="private" complexity="2" crap="2.01" count="1"/>
      <line num="91" type="stmt" count="1"/>
      <line num="93" type="stmt" count="1"/>
      <line num="94" type="stmt" count="0"/>
      <line num="97" type="stmt" count="1"/>
      <line num="98" type="stmt" count="1"/>
      <line num="100" type="stmt" count="1"/>
      <line num="101" type="stmt" count="1"/>
      <line num="106" type="method" name="getJsonCreateCommentSuccessResponse" visibility="private" complexity="1" crap="2" count="0"/>
      <line num="108" type="stmt" count="0"/>
      <line num="110" type="stmt" count="0"/>
      <line num="111" type="stmt" count="0"/>
      <line num="113" type="stmt" count="0"/>
      <line num="115" type="stmt" count="0"/>
      <line num="116" type="stmt" count="0"/>
      <line num="132" type="method" name="edit" visibility="public" complexity="3" crap="12" count="0"/>
      <line num="138" type="stmt" count="0"/>
      <line num="140" type="stmt" count="0"/>
      <line num="141" type="stmt" count="0"/>
      <line num="144" type="stmt" count="0"/>
      <line num="145" type="stmt" count="0"/>
      <line num="146" type="stmt" count="0"/>
      <line num="150" type="stmt" count="0"/>
      <line num="152" type="stmt" count="0"/>
      <line num="153" type="stmt" count="0"/>
      <line num="156" type="stmt" count="0"/>
      <line num="157" type="stmt" count="0"/>
      <line num="159" type="stmt" count="0"/>
      <line num="162" type="method" name="handleValidEditRequest" visibility="private" complexity="2" crap="6" count="0"/>
      <line num="164" type="stmt" count="0"/>
      <line num="166" type="stmt" count="0"/>
      <line num="167" type="stmt" count="0"/>
      <line num="170" type="stmt" count="0"/>
      <line num="171" type="stmt" count="0"/>
      <line num="173" type="stmt" count="0"/>
      <line num="174" type="stmt" count="0"/>
      <line num="179" type="method" name="getJsonCommentSuccessResponse" visibility="private" complexity="1" crap="2" count="0"/>
      <line num="181" type="stmt" count="0"/>
      <line num="183" type="stmt" count="0"/>
      <line num="184" type="stmt" count="0"/>
      <line num="185" type="stmt" count="0"/>
      <line num="187" type="stmt" count="0"/>
      <line num="189" type="stmt" count="0"/>
      <line num="190" type="stmt" count="0"/>
      <line num="198" type="method" name="getPostCommentPageResponse" visibility="private" complexity="2" crap="6" count="0"/>
      <line num="205" type="stmt" count="0"/>
      <line num="206" type="stmt" count="0"/>
      <line num="209" type="stmt" count="0"/>
      <line num="211" type="stmt" count="0"/>
      <line num="212" type="stmt" count="0"/>
      <line num="214" type="stmt" count="0"/>
      <line num="215" type="stmt" count="0"/>
      <line num="216" type="stmt" count="0"/>
      <line num="217" type="stmt" count="0"/>
      <line num="218" type="stmt" count="0"/>
      <line num="231" type="method" name="delete" visibility="public" complexity="1" crap="2" count="0"/>
      <line num="233" type="stmt" count="0"/>
      <line num="235" type="stmt" count="0"/>
      <line num="237" type="stmt" count="0"/>
      <line num="248" type="method" name="purge" visibility="public" complexity="1" crap="2" count="0"/>
      <line num="250" type="stmt" count="0"/>
      <line num="252" type="stmt" count="0"/>
      <line num="254" type="stmt" count="0"/>
      <line num="255" type="stmt" count="0"/>
      <line num="257" type="stmt" count="0"/>
      <line num="262" type="method" name="commentForm" visibility="public" complexity="1" crap="1" count="8"/>
      <line num="264" type="stmt" count="8"/>
      <line num="265" type="stmt" count="8"/>
      <line num="266" type="stmt" count="8"/>
      <line num="267" type="stmt" count="8"/>
      <line num="270" type="stmt" count="8"/>
      <line num="271" type="stmt" count="8"/>
      <line num="273" type="stmt" count="8"/>
      <metrics loc="277" ncloc="245" classes="1" methods="12" coveredmethods="3" conditionals="0" coveredconditionals="0" statements="90" coveredstatements="27" elements="102" coveredelements="30"/>
    </file>
    <file name="/Users/ernestwisniewski/Sites/kbin/src/Controller/Post/PostController.php">
      <class name="App\Controller\Post\PostController" namespace="global">
        <metrics complexity="14" methods="10" coveredmethods="5" conditionals="0" coveredconditionals="0" statements="71" coveredstatements="49" elements="81" coveredelements="54"/>
      </class>
      <line num="24" type="method" name="__construct" visibility="public" complexity="1" crap="1" count="9"/>
      <line num="27" type="stmt" count="9"/>
      <line num="29" type="method" name="front" visibility="public" complexity="1" crap="2" count="0"/>
      <line num="31" type="stmt" count="0"/>
      <line num="32" type="stmt" count="0"/>
      <line num="33" type="stmt" count="0"/>
      <line num="35" type="stmt" count="0"/>
      <line num="37" type="stmt" count="0"/>
      <line num="38" type="stmt" count="0"/>
      <line num="40" type="stmt" count="0"/>
      <line num="45" type="method" name="subscribed" visibility="public" complexity="1" crap="2" count="0"/>
      <line num="47" type="stmt" count="0"/>
      <line num="48" type="stmt" count="0"/>
      <line num="49" type="stmt" count="0"/>
      <line num="50" type="stmt" count="0"/>
      <line num="52" type="stmt" count="0"/>
      <line num="54" type="stmt" count="0"/>
      <line num="55" type="stmt" count="0"/>
      <line num="57" type="stmt" count="0"/>
      <line num="62" type="method" name="magazine" visibility="public" complexity="1" crap="1" count="4"/>
      <line num="64" type="stmt" count="4"/>
      <line num="65" type="stmt" count="4"/>
      <line num="66" type="stmt" count="4"/>
      <line num="67" type="stmt" count="4"/>
      <line num="69" type="stmt" count="4"/>
      <line num="71" type="stmt" count="4"/>
      <line num="72" type="stmt" count="4"/>
      <line num="74" type="stmt" count="4"/>
      <line num="75" type="stmt" count="4"/>
      <line num="84" type="method" name="single" visibility="public" complexity="1" crap="1" count="8"/>
      <line num="91" type="stmt" count="8"/>
      <line num="92" type="stmt" count="8"/>
      <line num="94" type="stmt" count="8"/>
      <line num="96" type="stmt" count="8"/>
      <line num="97" type="stmt" count="8"/>
      <line num="99" type="stmt" count="8"/>
      <line num="100" type="stmt" count="8"/>
      <line num="101" type="stmt" count="8"/>
      <line num="110" type="method" name="create" visibility="public" complexity="3" crap="3.01" count="1"/>
      <line num="112" type="stmt" count="1"/>
      <line num="114" type="stmt" count="1"/>
      <line num="115" type="stmt" count="1"/>
      <line num="117" type="stmt" count="1"/>
      <line num="118" type="stmt" count="1"/>
      <line num="120" type="stmt" count="1"/>
      <line num="121" type="stmt" count="1"/>
      <line num="123" type="stmt" count="1"/>
      <line num="124" type="stmt" count="1"/>
      <line num="129" type="stmt" count="0"/>
      <line num="139" type="method" name="edit" visibility="public" complexity="3" crap="3" count="2"/>
      <line num="141" type="stmt" count="2"/>
      <line num="143" type="stmt" count="2"/>
      <line num="144" type="stmt" count="2"/>
      <line num="146" type="stmt" count="2"/>
      <line num="147" type="stmt" count="2"/>
      <line num="149" type="stmt" count="2"/>
      <line num="150" type="stmt" count="2"/>
      <line num="152" type="stmt" count="2"/>
      <line num="153" type="stmt" count="2"/>
      <line num="158" type="stmt" count="2"/>
      <line num="159" type="stmt" count="2"/>
      <line num="161" type="stmt" count="2"/>
      <line num="162" type="stmt" count="2"/>
      <line num="164" type="stmt" count="2"/>
      <line num="165" type="stmt" count="2"/>
      <line num="166" type="stmt" count="2"/>
      <line num="167" type="stmt" count="2"/>
      <line num="179" type="method" name="delete" visibility="public" complexity="1" crap="2" count="0"/>
      <line num="181" type="stmt" count="0"/>
      <line num="183" type="stmt" count="0"/>
      <line num="185" type="stmt" count="0"/>
      <line num="195" type="method" name="purge" visibility="public" complexity="1" crap="2" count="0"/>
      <line num="197" type="stmt" count="0"/>
      <line num="199" type="stmt" count="0"/>
      <line num="201" type="stmt" count="0"/>
      <line num="204" type="method" name="postForm" visibility="public" complexity="1" crap="1" count="4"/>
      <line num="206" type="stmt" count="4"/>
      <line num="208" type="stmt" count="4"/>
      <line num="209" type="stmt" count="4"/>
      <line num="211" type="stmt" count="4"/>
      <metrics loc="215" ncloc="186" classes="1" methods="10" coveredmethods="5" conditionals="0" coveredconditionals="0" statements="71" coveredstatements="49" elements="81" coveredelements="54"/>
    </file>
    <file name="/Users/ernestwisniewski/Sites/kbin/src/Controller/ProfileController.php">
      <class name="App\Controller\ProfileController" namespace="global">
        <metrics complexity="12" methods="10" coveredmethods="5" conditionals="0" coveredconditionals="0" statements="47" coveredstatements="26" elements="57" coveredelements="31"/>
      </class>
      <line num="22" type="method" name="front" visibility="public" complexity="1" crap="1" count="7"/>
      <line num="24" type="stmt" count="7"/>
      <line num="26" type="stmt" count="7"/>
      <line num="29" type="method" name="getChartsResponse" visibility="private" complexity="1" crap="1" count="7"/>
      <line num="31" type="stmt" count="7"/>
      <line num="33" type="stmt" count="7"/>
      <line num="34" type="stmt" count="7"/>
      <line num="36" type="stmt" count="7"/>
      <line num="56" type="stmt" count="7"/>
      <line num="60" type="stmt" count="7"/>
      <line num="66" type="stmt" count="7"/>
      <line num="67" type="stmt" count="7"/>
      <line num="69" type="stmt" count="7"/>
      <line num="84" type="stmt" count="7"/>
      <line num="88" type="stmt" count="7"/>
      <line num="94" type="stmt" count="7"/>
      <line num="95" type="stmt" count="7"/>
      <line num="97" type="stmt" count="7"/>
      <line num="98" type="stmt" count="7"/>
      <line num="106" type="method" name="notifications" visibility="public" complexity="1" crap="1" count="3"/>
      <line num="108" type="stmt" count="3"/>
      <line num="109" type="stmt" count="3"/>
      <line num="111" type="stmt" count="3"/>
      <line num="119" type="method" name="readNotifications" visibility="public" complexity="1" crap="1" count="1"/>
      <line num="121" type="stmt" count="1"/>
      <line num="123" type="stmt" count="1"/>
      <line num="125" type="stmt" count="1"/>
      <line num="131" type="method" name="clearNotifications" visibility="public" complexity="1" crap="1" count="1"/>
      <line num="133" type="stmt" count="1"/>
      <line num="135" type="stmt" count="1"/>
      <line num="137" type="stmt" count="1"/>
      <line num="143" type="method" name="settings" visibility="public" complexity="3" crap="12" count="0"/>
      <line num="145" type="stmt" count="0"/>
      <line num="147" type="stmt" count="0"/>
      <line num="148" type="stmt" count="0"/>
      <line num="150" type="stmt" count="0"/>
      <line num="151" type="stmt" count="0"/>
      <line num="153" type="stmt" count="0"/>
      <line num="156" type="stmt" count="0"/>
      <line num="157" type="stmt" count="0"/>
      <line num="159" type="stmt" count="0"/>
      <line num="167" type="method" name="subMagazines" visibility="public" complexity="1" crap="2" count="0"/>
      <line num="169" type="stmt" count="0"/>
      <line num="170" type="stmt" count="0"/>
      <line num="172" type="stmt" count="0"/>
      <line num="180" type="method" name="subUsers" visibility="public" complexity="1" crap="2" count="0"/>
      <line num="182" type="stmt" count="0"/>
      <line num="183" type="stmt" count="0"/>
      <line num="185" type="stmt" count="0"/>
      <line num="193" type="method" name="blockedMagazines" visibility="public" complexity="1" crap="2" count="0"/>
      <line num="195" type="stmt" count="0"/>
      <line num="196" type="stmt" count="0"/>
      <line num="198" type="stmt" count="0"/>
      <line num="206" type="method" name="blockedUsers" visibility="public" complexity="1" crap="2" count="0"/>
      <line num="208" type="stmt" count="0"/>
      <line num="209" type="stmt" count="0"/>
      <line num="211" type="stmt" count="0"/>
      <metrics loc="215" ncloc="188" classes="1" methods="10" coveredmethods="5" conditionals="0" coveredconditionals="0" statements="47" coveredstatements="26" elements="57" coveredelements="31"/>
    </file>
    <file name="/Users/ernestwisniewski/Sites/kbin/src/Controller/ReportController.php">
      <class name="App\Controller\ReportController" namespace="global">
        <metrics complexity="8" methods="4" coveredmethods="2" conditionals="0" coveredconditionals="0" statements="21" coveredstatements="19" elements="25" coveredelements="21"/>
      </class>
      <line num="16" type="method" name="__construct" visibility="public" complexity="1" crap="1" count="4"/>
      <line num="18" type="stmt" count="4"/>
      <line num="23" type="method" name="__invoke" visibility="public" complexity="4" crap="4.01" count="4"/>
      <line num="25" type="stmt" count="4"/>
      <line num="27" type="stmt" count="4"/>
      <line num="28" type="stmt" count="4"/>
      <line num="30" type="stmt" count="4"/>
      <line num="31" type="stmt" count="4"/>
      <line num="34" type="stmt" count="4"/>
      <line num="35" type="stmt" count="0"/>
      <line num="38" type="stmt" count="4"/>
      <line num="39" type="stmt" count="4"/>
      <line num="41" type="stmt" count="4"/>
      <line num="42" type="stmt" count="4"/>
      <line num="43" type="stmt" count="4"/>
      <line num="48" type="method" name="getForm" visibility="private" complexity="1" crap="1" count="4"/>
      <line num="50" type="stmt" count="4"/>
      <line num="51" type="stmt" count="4"/>
      <line num="54" type="stmt" count="4"/>
      <line num="59" type="method" name="handleValidSuccessRequest" visibility="private" complexity="2" crap="2.06" count="4"/>
      <line num="61" type="stmt" count="4"/>
      <line num="63" type="stmt" count="4"/>
      <line num="64" type="stmt" count="0"/>
      <line num="68" type="stmt" count="4"/>
      <metrics loc="70" ncloc="66" classes="1" methods="4" coveredmethods="2" conditionals="0" coveredconditionals="0" statements="21" coveredstatements="19" elements="25" coveredelements="21"/>
    </file>
    <file name="/Users/ernestwisniewski/Sites/kbin/src/Controller/SecurityController.php">
      <class name="App\Controller\SecurityController" namespace="global">
        <metrics complexity="12" methods="5" coveredmethods="2" conditionals="0" coveredconditionals="0" statements="28" coveredstatements="22" elements="33" coveredelements="24"/>
      </class>
      <line num="19" type="method" name="__construct" visibility="public" complexity="1" crap="1" count="8"/>
      <line num="21" type="stmt" count="8"/>
      <line num="23" type="method" name="register" visibility="public" complexity="4" crap="4.01" count="2"/>
      <line num="29" type="stmt" count="2"/>
      <line num="30" type="stmt" count="0"/>
      <line num="33" type="stmt" count="2"/>
      <line num="35" type="stmt" count="2"/>
      <line num="36" type="stmt" count="2"/>
      <line num="38" type="stmt" count="2"/>
      <line num="39" type="stmt" count="2"/>
      <line num="41" type="stmt" count="2"/>
      <line num="44" type="stmt" count="2"/>
      <line num="45" type="stmt" count="2"/>
      <line num="47" type="stmt" count="2"/>
      <line num="52" type="method" name="verifyUserEmail" visibility="public" complexity="4" crap="5.02" count="4"/>
      <line num="54" type="stmt" count="4"/>
      <line num="56" type="stmt" count="4"/>
      <line num="57" type="stmt" count="0"/>
      <line num="60" type="stmt" count="4"/>
      <line num="62" type="stmt" count="4"/>
      <line num="63" type="stmt" count="0"/>
      <line num="67" type="stmt" count="4"/>
      <line num="68" type="stmt" count="0"/>
      <line num="69" type="stmt" count="0"/>
      <line num="72" type="stmt" count="4"/>
      <line num="75" type="method" name="login" visibility="public" complexity="2" crap="2" count="8"/>
      <line num="77" type="stmt" count="8"/>
      <line num="78" type="stmt" count="6"/>
      <line num="81" type="stmt" count="8"/>
      <line num="82" type="stmt" count="8"/>
      <line num="84" type="stmt" count="8"/>
      <line num="87" type="method" name="logout" visibility="public" complexity="1" crap="2" count="0"/>
      <line num="89" type="stmt" count="0"/>
      <metrics loc="91" ncloc="91" classes="1" methods="5" coveredmethods="2" conditionals="0" coveredconditionals="0" statements="28" coveredstatements="22" elements="33" coveredelements="24"/>
    </file>
    <file name="/Users/ernestwisniewski/Sites/kbin/src/Controller/User/UserBlockController.php">
      <class name="App\Controller\User\UserBlockController" namespace="global">
        <metrics complexity="4" methods="2" coveredmethods="0" conditionals="0" coveredconditionals="0" statements="12" coveredstatements="8" elements="14" coveredelements="8"/>
      </class>
      <line num="18" type="method" name="block" visibility="public" complexity="2" crap="2.15" count="2"/>
      <line num="20" type="stmt" count="2"/>
      <line num="22" type="stmt" count="2"/>
      <line num="24" type="stmt" count="2"/>
      <line num="25" type="stmt" count="0"/>
      <line num="27" type="stmt" count="0"/>
      <line num="32" type="stmt" count="2"/>
      <line num="38" type="method" name="unblock" visibility="public" complexity="2" crap="2.15" count="1"/>
      <line num="40" type="stmt" count="1"/>
      <line num="42" type="stmt" count="1"/>
      <line num="44" type="stmt" count="1"/>
      <line num="45" type="stmt" count="0"/>
      <line num="47" type="stmt" count="0"/>
      <line num="52" type="stmt" count="1"/>
      <metrics loc="54" ncloc="48" classes="1" methods="2" coveredmethods="0" conditionals="0" coveredconditionals="0" statements="12" coveredstatements="8" elements="14" coveredelements="8"/>
    </file>
    <file name="/Users/ernestwisniewski/Sites/kbin/src/Controller/User/UserController.php">
      <class name="App\Controller\User\UserController" namespace="global">
        <metrics complexity="12" methods="8" coveredmethods="3" conditionals="0" coveredconditionals="0" statements="55" coveredstatements="31" elements="63" coveredelements="34"/>
      </class>
[...]
      <line num="24" type="stmt" count="64"/>
      <line num="27" type="method" name="getCurrentRouteName" visibility="private" complexity="1" crap="1" count="64"/>
      <line num="29" type="stmt" count="64"/>
      <line num="32" type="method" name="getCurrentRequest" visibility="private" complexity="1" crap="1" count="64"/>
      <line num="34" type="stmt" count="64"/>
      <line num="37" type="method" name="isCurrentMagazinePage" visibility="public" complexity="2" crap="2" count="55"/>
      <line num="39" type="stmt" count="55"/>
      <line num="40" type="stmt" count="34"/>
      <line num="43" type="stmt" count="41"/>
      <line num="46" type="method" name="isUserProfilePage" visibility="public" complexity="1" crap="1" count="64"/>
      <line num="48" type="stmt" count="64"/>
      <line num="51" type="method" name="isPostPage" visibility="public" complexity="2" crap="2.15" count="8"/>
      <line num="53" type="stmt" count="8"/>
      <line num="54" type="stmt" count="0"/>
      <line num="57" type="stmt" count="8"/>
      <line num="60" type="method" name="isReportPage" visibility="public" complexity="1" crap="1" count="37"/>
      <line num="62" type="stmt" count="37"/>
      <line num="65" type="method" name="isRouteContains" visibility="public" complexity="1" crap="1" count="48"/>
      <line num="67" type="stmt" count="48"/>
      <line num="70" type="method" name="isMagazinePanelPage" visibility="public" complexity="1" crap="2" count="0"/>
      <line num="72" type="stmt" count="0"/>
      <line num="75" type="method" name="isActiveSortOption" visibility="public" complexity="6" crap="6.04" count="54"/>
      <line num="77" type="stmt" count="54"/>
      <line num="78" type="stmt" count="54"/>
      <line num="79" type="stmt" count="3"/>
      <line num="82" type="stmt" count="54"/>
      <line num="83" type="stmt" count="4"/>
      <line num="86" type="stmt" count="54"/>
      <line num="87" type="stmt" count="17"/>
      <line num="90" type="stmt" count="48"/>
      <line num="91" type="stmt" count="0"/>
      <line num="95" type="stmt" count="48"/>
      <line num="98" type="method" name="isCommentsPage" visibility="public" complexity="1" crap="1" count="56"/>
      <line num="100" type="stmt" count="56"/>
      <line num="103" type="method" name="isPostsPage" visibility="public" complexity="1" crap="1" count="54"/>
      <line num="105" type="stmt" count="54"/>
      <line num="108" type="method" name="isEntryPage" visibility="public" complexity="2" crap="2" count="60"/>
      <line num="110" type="stmt" count="60"/>
      <line num="111" type="stmt" count="2"/>
      <line num="114" type="stmt" count="60"/>
      <line num="117" type="method" name="isUserPage" visibility="public" complexity="1" crap="1" count="64"/>
      <line num="119" type="stmt" count="64"/>
      <line num="122" type="method" name="getActiveTimeOption" visibility="public" complexity="1" crap="1" count="45"/>
      <line num="124" type="stmt" count="45"/>
      <line num="127" type="method" name="getActiveTypeOption" visibility="public" complexity="1" crap="1" count="45"/>
      <line num="129" type="stmt" count="45"/>
      <line num="132" type="method" name="getActiveSortOptionPath" visibility="public" complexity="18" crap="18.19" count="54"/>
      <line num="134" type="stmt" count="54"/>
      <line num="136" type="stmt" count="54"/>
      <line num="137" type="stmt" count="13"/>
      <line num="139" type="stmt" count="54"/>
      <line num="140" type="stmt" count="54"/>
      <line num="143" type="stmt" count="54"/>
      <line num="144" type="stmt" count="0"/>
      <line num="146" type="stmt" count="54"/>
      <line num="147" type="stmt" count="45"/>
      <line num="150" type="stmt" count="54"/>
      <line num="151" type="stmt" count="0"/>
      <line num="153" type="stmt" count="54"/>
      <line num="154" type="stmt" count="41"/>
      <line num="157" type="stmt" count="54"/>
      <line num="158" type="stmt" count="45"/>
      <line num="159" type="stmt" count="4"/>
      <line num="162" type="stmt" count="45"/>
      <line num="163" type="stmt" count="3"/>
      <line num="167" type="stmt" count="54"/>
      <line num="168" type="stmt" count="41"/>
      <line num="169" type="stmt" count="41"/>
      <line num="170" type="stmt" count="41"/>
      <line num="172" type="stmt" count="41"/>
      <line num="173" type="stmt" count="25"/>
      <line num="174" type="stmt" count="4"/>
      <line num="177" type="stmt" count="25"/>
      <line num="178" type="stmt" count="2"/>
      <line num="183" type="stmt" count="54"/>
      <line num="184" type="stmt" count="12"/>
      <line num="186" type="stmt" count="12"/>
      <line num="187" type="stmt" count="12"/>
      <line num="188" type="stmt" count="0"/>
      <line num="191" type="stmt" count="12"/>
      <line num="192" type="stmt" count="1"/>
      <line num="198" type="stmt" count="54"/>
      <line num="199" type="stmt" count="54"/>
      <line num="204" type="method" name="getActiveSortOption" visibility="public" complexity="1" crap="1" count="45"/>
      <line num="206" type="stmt" count="45"/>
      <line num="209" type="method" name="isMagazinePage" visibility="public" complexity="2" crap="2" count="64"/>
      <line num="211" type="stmt" count="64"/>
      <line num="212" type="stmt" count="1"/>
      <line num="215" type="stmt" count="64"/>
      <line num="218" type="method" name="isSubPage" visibility="public" complexity="1" crap="1" count="64"/>
      <line num="220" type="stmt" count="64"/>
      <line num="223" type="method" name="getActiveCommentsPagePath" visibility="public" complexity="4" crap="4.01" count="54"/>
      <line num="225" type="stmt" count="54"/>
      <line num="226" type="stmt" count="54"/>
      <line num="228" type="stmt" count="54"/>
      <line num="229" type="stmt" count="41"/>
      <line num="231" type="stmt" count="41"/>
      <line num="232" type="stmt" count="41"/>
      <line num="235" type="stmt" count="54"/>
      <line num="236" type="stmt" count="12"/>
      <line num="239" type="stmt" count="54"/>
      <line num="240" type="stmt" count="0"/>
      <line num="243" type="stmt" count="54"/>
      <line num="244" type="stmt" count="54"/>
      <line num="249" type="method" name="getActivePostsPagePath" visibility="public" complexity="4" crap="4.01" count="54"/>
      <line num="251" type="stmt" count="54"/>
      <line num="252" type="stmt" count="54"/>
      <line num="254" type="stmt" count="54"/>
      <line num="255" type="stmt" count="41"/>
      <line num="257" type="stmt" count="41"/>
      <line num="258" type="stmt" count="41"/>
      <line num="261" type="stmt" count="54"/>
      <line num="262" type="stmt" count="12"/>
      <line num="265" type="stmt" count="54"/>
      <line num="266" type="stmt" count="0"/>
      <line num="269" type="stmt" count="54"/>
      <line num="270" type="stmt" count="54"/>
      <line num="275" type="method" name="getActiveCommentFilterPath" visibility="public" complexity="3" crap="3" count="15"/>
      <line num="277" type="stmt" count="15"/>
      <line num="278" type="stmt" count="15"/>
      <line num="281" type="stmt" count="15"/>
      <line num="283" type="stmt" count="15"/>
      <line num="284" type="stmt" count="15"/>
      <line num="287" type="stmt" count="15"/>
      <line num="288" type="stmt" count="15"/>
      <line num="289" type="stmt" count="15"/>
      <line num="290" type="stmt" count="15"/>
      <line num="293" type="stmt" count="15"/>
      <line num="296" type="method" name="isActiveRoute" visibility="public" complexity="1" crap="1" count="64"/>
      <line num="298" type="stmt" count="64"/>
      <line num="301" type="method" name="isActiveCommentFilter" visibility="public" complexity="1" crap="1" count="15"/>
      <line num="303" type="stmt" count="15"/>
      <metrics loc="305" ncloc="304" classes="1" methods="26" coveredmethods="20" conditionals="0" coveredconditionals="0" statements="110" coveredstatements="102" elements="136" coveredelements="122"/>
    </file>
    <file name="/Users/ernestwisniewski/Sites/kbin/src/Twig/Runtime/UserRuntime.php">
      <class name="App\Twig\Runtime\UserRuntime" namespace="global">
        <metrics complexity="5" methods="3" coveredmethods="1" conditionals="0" coveredconditionals="0" statements="8" coveredstatements="6" elements="11" coveredelements="7"/>
      </class>
      <line num="11" type="method" name="__construct" visibility="public" complexity="1" crap="1" count="43"/>
      <line num="14" type="stmt" count="43"/>
      <line num="16" type="method" name="isUserFollow" visibility="public" complexity="2" crap="2.15" count="43"/>
      <line num="18" type="stmt" count="43"/>
      <line num="19" type="stmt" count="0"/>
      <line num="22" type="stmt" count="43"/>
      <line num="25" type="method" name="isUserBlocked" visibility="public" complexity="2" crap="2.15" count="43"/>
      <line num="27" type="stmt" count="43"/>
      <line num="28" type="stmt" count="0"/>
      <line num="31" type="stmt" count="43"/>
      <metrics loc="33" ncloc="33" classes="1" methods="3" coveredmethods="1" conditionals="0" coveredconditionals="0" statements="8" coveredstatements="6" elements="11" coveredelements="7"/>
    </file>
    <file name="/Users/ernestwisniewski/Sites/kbin/src/Twig/SubjectExtension.php">
      <class name="App\Twig\SubjectExtension" namespace="global">
        <metrics complexity="1" methods="1" coveredmethods="1" conditionals="0" coveredconditionals="0" statements="16" coveredstatements="16" elements="17" coveredelements="17"/>
      </class>
      <line num="15" type="method" name="getTests" visibility="public" complexity="1" crap="1" count="11"/>
      <line num="18" type="stmt" count="11"/>
      <line num="19" type="stmt" count="11"/>
      <line num="20" type="stmt" count="11"/>
      <line num="21" type="stmt" count="11"/>
      <line num="23" type="stmt" count="11"/>
      <line num="24" type="stmt" count="11"/>
      <line num="25" type="stmt" count="5"/>
      <line num="26" type="stmt" count="11"/>
      <line num="28" type="stmt" count="11"/>
      <line num="29" type="stmt" count="11"/>
      <line num="30" type="stmt" count="2"/>
      <line num="31" type="stmt" count="11"/>
      <line num="33" type="stmt" count="11"/>
      <line num="34" type="stmt" count="11"/>
      <line num="35" type="stmt" count="1"/>
      <line num="36" type="stmt" count="11"/>
      <metrics loc="40" ncloc="40" classes="1" methods="1" coveredmethods="1" conditionals="0" coveredconditionals="0" statements="16" coveredstatements="16" elements="17" coveredelements="17"/>
    </file>
    <file name="/Users/ernestwisniewski/Sites/kbin/src/Twig/UserExtension.php">
      <class name="App\Twig\UserExtension" namespace="global">
        <metrics complexity="1" methods="1" coveredmethods="1" conditionals="0" coveredconditionals="0" statements="2" coveredstatements="2" elements="3" coveredelements="3"/>
      </class>
      <line num="11" type="method" name="getFunctions" visibility="public" complexity="1" crap="1" count="11"/>
      <line num="14" type="stmt" count="11"/>
      <line num="15" type="stmt" count="11"/>
      <metrics loc="18" ncloc="18" classes="1" methods="1" coveredmethods="1" conditionals="0" coveredconditionals="0" statements="2" coveredstatements="2" elements="3" coveredelements="3"/>
    </file>
    <file name="/Users/ernestwisniewski/Sites/kbin/src/Utils/Embed.php">
      <class name="App\Utils\Embed" namespace="global">
        <metrics complexity="15" methods="5" coveredmethods="1" conditionals="0" coveredconditionals="0" statements="32" coveredstatements="16" elements="37" coveredelements="17"/>
      </class>
      <line num="19" type="method" name="fetch" visibility="public" complexity="4" crap="9.63" count="2"/>
      <line num="21" type="stmt" count="2"/>
      <line num="23" type="stmt" count="2"/>
      <line num="24" type="stmt" count="2"/>
      <line num="25" type="stmt" count="2"/>
      <line num="26" type="stmt" count="0"/>
      <line num="29" type="stmt" count="0"/>
      <line num="30" type="stmt" count="0"/>
      <line num="31" type="stmt" count="0"/>
      <line num="32" type="stmt" count="0"/>
      <line num="35" type="stmt" count="0"/>
      <line num="36" type="stmt" count="0"/>
      <line num="37" type="stmt" count="0"/>
      <line num="38" type="stmt" count="0"/>
      <line num="40" type="stmt" count="0"/>
      <line num="41" type="stmt" count="0"/>
      <line num="44" type="stmt" count="0"/>
      <line num="45" type="stmt" count="2"/>
      <line num="49" type="method" name="cleanIframe" visibility="private" complexity="1" crap="2" count="0"/>
      <line num="51" type="stmt" count="0"/>
      <line num="66" type="method" name="getType" visibility="public" complexity="3" crap="3.58" count="2"/>
      <line num="68" type="stmt" count="2"/>
      <line num="69" type="stmt" count="0"/>
      <line num="72" type="stmt" count="2"/>
      <line num="73" type="stmt" count="0"/>
      <line num="76" type="stmt" count="2"/>
      <line num="79" type="method" name="isImageUrl" visibility="public" complexity="2" crap="2.15" count="2"/>
      <line num="81" type="stmt" count="2"/>
      <line num="82" type="stmt" count="0"/>
      <line num="85" type="stmt" count="2"/>
      <line num="88" type="method" name="isVideoEmbed" visibility="private" complexity="5" crap="5" count="2"/>
      <line num="90" type="stmt" count="2"/>
      <line num="91" type="stmt" count="1"/>
      <line num="94" type="stmt" count="1"/>
      <line num="95" type="stmt" count="1"/>
      <line num="96" type="stmt" count="1"/>
      <line num="97" type="stmt" count="1"/>
      <metrics loc="99" ncloc="87" classes="1" methods="5" coveredmethods="1" conditionals="0" coveredconditionals="0" statements="32" coveredstatements="16" elements="37" coveredelements="17"/>
    </file>
    <file name="/Users/ernestwisniewski/Sites/kbin/src/Utils/Slugger.php">
      <class name="App\Utils\Slugger" namespace="global">
        <metrics complexity="2" methods="2" coveredmethods="2" conditionals="0" coveredconditionals="0" statements="3" coveredstatements="3" elements="5" coveredelements="5"/>
      </class>
      <line num="7" type="method" name="camelCase" visibility="public" complexity="1" crap="1" count="3"/>
      <line num="9" type="stmt" count="3"/>
      <line num="12" type="method" name="studly" visibility="private" complexity="1" crap="1" count="3"/>
      <line num="14" type="stmt" count="3"/>
      <line num="16" type="stmt" count="3"/>
      <metrics loc="18" ncloc="18" classes="1" methods="2" coveredmethods="2" conditionals="0" coveredconditionals="0" statements="3" coveredstatements="3" elements="5" coveredelements="5"/>
    </file>
    <file name="/Users/ernestwisniewski/Sites/kbin/src/Utils/UrlCleaner.php">
      <class name="App\Utils\UrlCleaner" namespace="global">
        <metrics complexity="3" methods="2" coveredmethods="2" conditionals="0" coveredconditionals="0" statements="8" coveredstatements="8" elements="10" coveredelements="10"/>
      </class>
      <line num="98" type="method" name="__invoke" visibility="public" complexity="2" crap="2" count="2"/>
      <line num="100" type="stmt" count="2"/>
      <line num="101" type="stmt" count="2"/>
      <line num="104" type="stmt" count="2"/>
      <line num="107" type="method" name="removeVar" visibility="private" complexity="1" crap="1" count="2"/>
      <line num="109" type="stmt" count="2"/>
      <line num="110" type="stmt" count="2"/>
      <line num="111" type="stmt" count="2"/>
      <line num="112" type="stmt" count="2"/>
      <line num="114" type="stmt" count="2"/>
      <metrics loc="116" ncloc="115" classes="1" methods="2" coveredmethods="2" conditionals="0" coveredconditionals="0" statements="8" coveredstatements="8" elements="10" coveredelements="10"/>
    </file>
    <file name="/Users/ernestwisniewski/Sites/kbin/src/Validator/Unique.php">
      <class name="App\Validator\Unique" namespace="global">
        <metrics complexity="8" methods="4" coveredmethods="1" conditionals="0" coveredconditionals="0" statements="15" coveredstatements="1" elements="19" coveredelements="2"/>
      </class>
      <line num="51" type="method" name="__construct" visibility="public" complexity="5" crap="30" count="0"/>
      <line num="53" type="stmt" count="0"/>
      <line num="55" type="stmt" count="0"/>
      <line num="57" type="stmt" count="0"/>
      <line num="58" type="stmt" count="0"/>
      <line num="61" type="stmt" count="0"/>
      <line num="63" type="stmt" count="0"/>
      <line num="64" type="stmt" count="0"/>
      <line num="65" type="stmt" count="0"/>
      <line num="66" type="stmt" count="0"/>
      <line num="70" type="stmt" count="0"/>
      <line num="71" type="stmt" count="0"/>
      <line num="73" type="stmt" count="0"/>
      <line num="75" type="method" name="getRequiredOptions" visibility="public" complexity="1" crap="2" count="0"/>
      <line num="77" type="stmt" count="0"/>
      <line num="80" type="method" name="getDefaultOption" visibility="public" complexity="1" crap="2" count="0"/>
      <line num="82" type="stmt" count="0"/>
      <line num="85" type="method" name="getTargets" visibility="public" complexity="1" crap="1" count="12"/>
      <line num="87" type="stmt" count="12"/>
      <metrics loc="89" ncloc="69" classes="1" methods="4" coveredmethods="1" conditionals="0" coveredconditionals="0" statements="15" coveredstatements="1" elements="19" coveredelements="2"/>
    </file>
    <file name="/Users/ernestwisniewski/Sites/kbin/src/Validator/UniqueValidator.php">
      <class name="App\Validator\UniqueValidator" namespace="global">
        <metrics complexity="10" methods="2" coveredmethods="1" conditionals="0" coveredconditionals="0" statements="30" coveredstatements="28" elements="32" coveredelements="29"/>
      </class>
      <line num="15" type="method" name="__construct" visibility="public" complexity="1" crap="1" count="12"/>
      <line num="17" type="stmt" count="12"/>
      <line num="19" type="method" name="validate" visibility="public" complexity="9" crap="9.03" count="12"/>
      <line num="21" type="stmt" count="12"/>
      <line num="22" type="stmt" count="0"/>
      <line num="25" type="stmt" count="12"/>
      <line num="26" type="stmt" count="0"/>
      <line num="29" type="stmt" count="12"/>
      <line num="30" type="stmt" count="12"/>
      <line num="31" type="stmt" count="12"/>
      <line num="33" type="stmt" count="12"/>
      <line num="35" type="stmt" count="12"/>
      <line num="36" type="stmt" count="12"/>
      <line num="37" type="stmt" count="12"/>
      <line num="40" type="stmt" count="12"/>
      <line num="42" type="stmt" count="12"/>
      <line num="43" type="stmt" count="12"/>
      <line num="46" type="stmt" count="12"/>
      <line num="47" type="stmt" count="11"/>
      <line num="48" type="stmt" count="11"/>
      <line num="51" type="stmt" count="11"/>
      <line num="53" type="stmt" count="11"/>
      <line num="54" type="stmt" count="8"/>
      <line num="55" type="stmt" count="8"/>
      <line num="59" type="stmt" count="12"/>
      <line num="61" type="stmt" count="12"/>
      <line num="62" type="stmt" count="1"/>
      <line num="63" type="stmt" count="1"/>
      <line num="64" type="stmt" count="1"/>
      <line num="65" type="stmt" count="1"/>
      <line num="67" type="stmt" count="12"/>
      <metrics loc="68" ncloc="68" classes="1" methods="2" coveredmethods="1" conditionals="0" coveredconditionals="0" statements="30" coveredstatements="28" elements="32" coveredelements="29"/>
    </file>
    <metrics files="314" loc="17537" ncloc="15816" classes="280" methods="1070" coveredmethods="617" conditionals="0" coveredconditionals="0" statements="4535" coveredstatements="3259" elements="5605" coveredelements="3876"/>
  </project>
</coverage>
